  Fountain.cpp
c:\users\yang\desktop\opengl-demo\fountainparticle\fountainparticle\fountain.cpp(151): warning C4244: “参数”: 从“time_t”转换到“unsigned int”，可能丢失数据
c:\users\yang\desktop\opengl-demo\fountainparticle\fountainparticle\fountain.cpp(153): warning C4018: “<”: 有符号/无符号不匹配
c:\users\yang\desktop\opengl-demo\fountainparticle\fountainparticle\fountain.cpp(170): warning C4244: “参数”: 从“time_t”转换到“unsigned int”，可能丢失数据
  正在生成代码...
  正在编译...
  main.cpp
c:\users\yang\desktop\opengl-demo\fountainparticle\fountainparticle\main.cpp(43): warning C4244: “参数”: 从“GLfloat”转换到“int”，可能丢失数据
c:\users\yang\desktop\opengl-demo\fountainparticle\fountainparticle\main.cpp(60): warning C4244: “参数”: 从“GLfloat”转换到“GLsizei”，可能丢失数据
c:\users\yang\desktop\opengl-demo\fountainparticle\fountainparticle\main.cpp(83): warning C4244: “初始化”: 从“double”转换到“GLfloat”，可能丢失数据
c:\users\yang\desktop\opengl-demo\fountainparticle\fountainparticle\main.cpp(117): warning C4244: “=”: 从“double”转换到“GLfloat”，可能丢失数据
c:\users\yang\desktop\opengl-demo\fountainparticle\fountainparticle\main.cpp(118): warning C4244: “=”: 从“double”转换到“GLfloat”，可能丢失数据
c:\users\yang\desktop\opengl-demo\fountainparticle\fountainparticle\main.cpp(121): warning C4244: “初始化”: 从“double”转换到“GLfloat”，可能丢失数据
c:\users\yang\desktop\opengl-demo\fountainparticle\fountainparticle\main.cpp(122): warning C4244: “初始化”: 从“double”转换到“GLfloat”，可能丢失数据
c:\users\yang\desktop\opengl-demo\fountainparticle\fountainparticle\main.cpp(123): warning C4244: “=”: 从“double”转换到“GLfloat”，可能丢失数据
c:\users\yang\desktop\opengl-demo\fountainparticle\fountainparticle\main.cpp(124): warning C4244: “=”: 从“double”转换到“GLfloat”，可能丢失数据
c:\users\yang\desktop\opengl-demo\fountainparticle\fountainparticle\main.cpp(129): warning C4244: “参数”: 从“double”转换到“GLfloat”，可能丢失数据
  正在生成代码...
  FountainParticle.vcxproj -> C:\Users\Yang\Desktop\OpenGL-Demo\FountainParticle\Debug\FountainParticle.exe
  FountainParticle.vcxproj -> C:\Users\Yang\Desktop\OpenGL-Demo\FountainParticle\Debug\FountainParticle.pdb (Full PDB)
